[debug] [2022-08-10T09:49:04.330Z] ----------------------------------------------------------------------
[debug] [2022-08-10T09:49:04.331Z] Command:       /usr/local/bin/node /usr/local/bin/firebase init
[debug] [2022-08-10T09:49:04.331Z] CLI Version:   11.5.0
[debug] [2022-08-10T09:49:04.331Z] Platform:      linux
[debug] [2022-08-10T09:49:04.331Z] Node Version:  v16.15.1
[debug] [2022-08-10T09:49:04.332Z] Time:          Wed Aug 10 2022 16:49:04 GMT+0700 (Indochina Time)
[debug] [2022-08-10T09:49:04.332Z] ----------------------------------------------------------------------
[debug] 
[debug] [2022-08-10T09:49:04.336Z] > command requires scopes: ["email","openid","https://www.googleapis.com/auth/cloudplatformprojects.readonly","https://www.googleapis.com/auth/firebase","https://www.googleapis.com/auth/cloud-platform"]
[debug] [2022-08-10T09:49:04.336Z] > authorizing via signed-in user (chreachanchhunneng@gmail.com)
[info] 
     ######## #### ########  ######## ########     ###     ######  ########
     ##        ##  ##     ## ##       ##     ##  ##   ##  ##       ##
     ######    ##  ########  ######   ########  #########  ######  ######
     ##        ##  ##    ##  ##       ##     ## ##     ##       ## ##
     ##       #### ##     ## ######## ########  ##     ##  ######  ########

You're about to initialize a Firebase project in this directory:

  /home/ubuntu/Desktop/Symp - Responsive VCard Resume Template

[info] 
=== Project Setup
[info] 
[info] First, let's associate this project directory with a Firebase project.
[info] You can create multiple project aliases by running firebase use --add, 
[info] but for now we'll just set up a default project.
[info] 
[debug] [2022-08-10T09:49:24.323Z] >>> [apiv2][query] GET https://firebase.googleapis.com/v1beta1/projects pageSize=100
[debug] [2022-08-10T09:49:25.152Z] <<< [apiv2][status] GET https://firebase.googleapis.com/v1beta1/projects 200
[debug] [2022-08-10T09:49:25.152Z] <<< [apiv2][body] GET https://firebase.googleapis.com/v1beta1/projects [omitted]
[info] i  Using project my-portfolio-b8cf7 (my-portfolio) 
[info] 
=== Hosting Setup
[info] 
[info] Your public directory is the folder (relative to your project directory) that
[info] will contain Hosting assets to be uploaded with firebase deploy. If you
[info] have a build process for your assets, use your build's output directory.
[info] 
[debug] [2022-08-10T09:50:27.813Z] >>> [apiv2][query] GET https://www.gstatic.com/firebasejs/releases.json [none]
[debug] [2022-08-10T09:50:28.034Z] <<< [apiv2][status] GET https://www.gstatic.com/firebasejs/releases.json 200
[debug] [2022-08-10T09:50:28.035Z] <<< [apiv2][body] GET https://www.gstatic.com/firebasejs/releases.json {"current":{"version":"9.9.2","browserURL":"https://www.gstatic.com/firebasejs/9.9.2/firebase.js","packageURL":"https://www.gstatic.com/firebasejs/9.9.2/firebase.tgz"},"live":{"version":"9.9","browserURL":"https://www.gstatic.com/firebasejs/live/9.9/firebase.js","packageURL":"https://www.gstatic.com/firebasejs/live/9.9/firebase.tgz"},"components":{"analytics":"https://www.gstatic.com/firebasejs/9.9.2/firebase-analytics.js","app":"https://www.gstatic.com/firebasejs/9.9.2/firebase-app.js","app-check":"https://www.gstatic.com/firebasejs/9.9.2/firebase-app-check.js","auth":"https://www.gstatic.com/firebasejs/9.9.2/firebase-auth.js","auth/cordova":"https://www.gstatic.com/firebasejs/9.9.2/firebase-auth/cordova.js","auth/react-native":"https://www.gstatic.com/firebasejs/9.9.2/firebase-auth/react-native.js","functions":"https://www.gstatic.com/firebasejs/9.9.2/firebase-functions.js","firestore":"https://www.gstatic.com/firebasejs/9.9.2/firebase-firestore.js","firestore/lite":"https://www.gstatic.com/firebasejs/9.9.2/firebase-firestore/lite.js","installations":"https://www.gstatic.com/firebasejs/9.9.2/firebase-installations.js","storage":"https://www.gstatic.com/firebasejs/9.9.2/firebase-storage.js","performance":"https://www.gstatic.com/firebasejs/9.9.2/firebase-performance.js","remote-config":"https://www.gstatic.com/firebasejs/9.9.2/firebase-remote-config.js","messaging":"https://www.gstatic.com/firebasejs/9.9.2/firebase-messaging.js","messaging/sw":"https://www.gstatic.com/firebasejs/9.9.2/firebase-messaging/sw.js","database":"https://www.gstatic.com/firebasejs/9.9.2/firebase-database.js","firestore.memory":"https://www.gstatic.com/firebasejs/9.9.2/firebase-firestore.memory.js"}}
[info] âœ”  Wrote public/index.html 
[info] 
[info] i  Didn't detect a .git folder. Assuming /home/ubuntu/Desktop/Symp - Responsive VCard Resume Template is the project root. 
[info] i  Authorizing with GitHub to upload your service account to a GitHub repository's secrets store. 
[info] 
[info] Visit this URL on this device to log in:
[info] https://github.com/login/oauth/authorize?client_id=89cf50f02ac6aaed3484&state=744863163&redirect_uri=http%3A%2F%2Flocalhost%3A9005&scope=read%3Auser%20repo%20public_repo
[info] 
[info] Waiting for authentication...
[debug] [2022-08-10T09:50:35.366Z] >>> [apiv2][query] POST https://github.com/login/oauth/access_token [none]
[debug] [2022-08-10T09:50:35.366Z] >>> [apiv2][body] POST https://github.com/login/oauth/access_token [stream]
[debug] [2022-08-10T09:50:35.827Z] <<< [apiv2][status] POST https://github.com/login/oauth/access_token 200
[debug] [2022-08-10T09:50:35.827Z] <<< [apiv2][body] POST https://github.com/login/oauth/access_token {"access_token":"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","token_type":"bearer","scope":"read:user,repo"}
[debug] [2022-08-10T09:50:35.842Z] >>> [apiv2][query] GET https://api.github.com/user [none]
[debug] [2022-08-10T09:50:36.610Z] <<< [apiv2][status] GET https://api.github.com/user 200
[debug] [2022-08-10T09:50:36.611Z] <<< [apiv2][body] GET https://api.github.com/user {"login":"Chhunneng","id":47348453,"node_id":"MDQ6VXNlcjQ3MzQ4NDUz","avatar_url":"https://avatars.githubusercontent.com/u/47348453?v=4","gravatar_id":"","url":"https://api.github.com/users/Chhunneng","html_url":"https://github.com/Chhunneng","followers_url":"https://api.github.com/users/Chhunneng/followers","following_url":"https://api.github.com/users/Chhunneng/following{/other_user}","gists_url":"https://api.github.com/users/Chhunneng/gists{/gist_id}","starred_url":"https://api.github.com/users/Chhunneng/starred{/owner}{/repo}","subscriptions_url":"https://api.github.com/users/Chhunneng/subscriptions","organizations_url":"https://api.github.com/users/Chhunneng/orgs","repos_url":"https://api.github.com/users/Chhunneng/repos","events_url":"https://api.github.com/users/Chhunneng/events{/privacy}","received_events_url":"https://api.github.com/users/Chhunneng/received_events","type":"User","site_admin":false,"name":"Chrea Chanchhunneng","company":"@facebook","blog":"facebook.com/chhunneng.chrea","location":"Phnom Penh, Cambodia","email":null,"hireable":true,"bio":"ðŸ¸ðŸ»","twitter_username":null,"public_repos":101,"public_gists":2,"followers":13,"following":1,"created_at":"2019-02-05T08:36:31Z","updated_at":"2022-07-28T03:20:34Z","private_gists":0,"total_private_repos":7,"owned_private_repos":4,"disk_usage":105377,"collaborators":1,"two_factor_authentication":true,"plan":{"name":"free","space":976562499,"collaborators":0,"private_repos":10000}}
[info] 
[info] âœ”  Success! Logged into GitHub as Chhunneng 
[info] 
